#
# A fatal error has been detected by the Java Runtime Environment:
#
#  EXCEPTION_ACCESS_VIOLATION (0xc0000005) at pc=0x617493cd, pid=4556, tid=0x000003ec
#
# JRE version: Java(TM) SE Runtime Environment (8.0_92-b14) (build 1.8.0_92-b14)
# Java VM: Java HotSpot(TM) Client VM (25.92-b14 mixed mode windows-x86 )
# Problematic frame:
# C  [listSerialsj.dll+0x93cd]
#
# Failed to write core dump. Minidumps are not enabled by default on client versions of Windows
#
# If you would like to submit a bug report, please visit:
#   http://bugreport.java.com/bugreport/crash.jsp
# The crash happened outside the Java Virtual Machine in native code.
# See problematic frame for where to report the bug.
#

---------------  T H R E A D  ---------------

Current thread (0x2636d800):  JavaThread "cc.arduino.packages.discoverers.serial.SerialBoardsLister" [_thread_in_native, id=1004, stack(0x26ce0000,0x26d30000)]

siginfo: ExceptionCode=0xc0000005, writing address 0x00000000

Registers:
EAX=0x00000000, EBX=0x000007f8, ECX=0x00000000, EDX=0x00000001
ESP=0x26d2e8a0, EBP=0x26d2ecf8, ESI=0x00000002, EDI=0x0135d0e8
EIP=0x617493cd, EFLAGS=0x00010246

Top of Stack: (sp=0x26d2e8a0)
0x26d2e8a0:   293d42a0 0000002e 00000002 00000000
0x26d2e8b0:   00000003 00000000 00000000 00000000
0x26d2e8c0:   012d8248 01250000 0000006c 765cea90
0x26d2e8d0:   293f2168 00250260 0135d488 00000057
0x26d2e8e0:   7678a578 00000007 0000001b 00000200
0x26d2e8f0:   00000001 0000006c 00000045 00000088
0x26d2e900:   00880000 00000000 314d4f43 00800033
0x26d2e910:   00425355 00006d65 00000000 007401bf 

Instructions: (pc=0x617493cd)
0x617493ad:   8b 45 08 8b 90 94 00 00 00 85 d2 74 16 8b 40 2c
0x617493bd:   c7 44 24 04 2e 00 00 00 89 04 24 e8 73 14 00 00
0x617493cd:   c6 00 00 8d 85 04 fc ff ff 89 44 24 18 8d 85 0a
0x617493dd:   fc ff ff 89 44 24 10 a1 e4 01 75 61 c7 85 04 fc 


Register to memory mapping:

EAX=0x00000000 is an unknown value
EBX=0x000007f8 is an unknown value
ECX=0x00000000 is an unknown value
EDX=0x00000001 is an unknown value
ESP=0x26d2e8a0 is pointing into the stack for thread: 0x2636d800
EBP=0x26d2ecf8 is pointing into the stack for thread: 0x2636d800
ESI=0x00000002 is an unknown value
EDI=0x0135d0e8 is an unknown value


Stack: [0x26ce0000,0x26d30000],  sp=0x26d2e8a0,  free space=314k
Native frames: (J=compiled Java code, j=interpreted, Vv=VM code, C=native code)
C  [listSerialsj.dll+0x93cd]
C  [listSerialsj.dll+0x2211]

Java frames: (J=compiled Java code, j=interpreted, Vv=VM code)
j  processing.app.Platform.listSerialsNative()[Ljava/lang/String;+0
j  processing.app.Platform.listSerials()Ljava/util/List;+5
j  cc.arduino.packages.discoverers.serial.SerialBoardsLister.retriggerDiscovery(Z)V+22
j  cc.arduino.packages.discoverers.serial.SerialBoardsLister.run()V+9
j  java.util.TimerThread.mainLoop()V+221
j  java.util.TimerThread.run()V+1
v  ~StubRoutines::call_stub

---------------  P R O C E S S  ---------------

Java Threads: ( => current thread )
  0x2832b800 JavaThread "Thread-87" [_thread_blocked, id=4444, stack(0x295d0000,0x29620000)]
  0x2832a400 JavaThread "DestroyJavaVM" [_thread_blocked, id=4764, stack(0x02ac0000,0x02b10000)]
  0x264d7400 JavaThread "TimerQueue" daemon [_thread_blocked, id=2496, stack(0x290e0000,0x29130000)]
  0x264d8800 JavaThread "Batik CleanerThread" daemon [_thread_blocked, id=4248, stack(0x28cc0000,0x28d10000)]
  0x264d5c00 JavaThread "AWT-EventQueue-0" [_thread_blocked, id=4296, stack(0x031f0000,0x03240000)]
  0x264d5800 JavaThread "JmDNS(nit.local.).Timer" daemon [_thread_blocked, id=4120, stack(0x27d00000,0x27d50000)]
  0x264d7000 JavaThread "JmDNS(nit.local.).State.Timer" [_thread_blocked, id=4960, stack(0x27c70000,0x27cc0000)]
  0x264d8400 JavaThread "JmDNS(nit.local.).Timer" daemon [_thread_blocked, id=4752, stack(0x27be0000,0x27c30000)]
  0x264d5000 JavaThread "SocketListener(nit.local.)" daemon [_thread_in_native, id=2832, stack(0x27940000,0x27990000)]
  0x264d6800 JavaThread "JmDNS(nit.local.).Timer" daemon [_thread_blocked, id=4228, stack(0x27800000,0x27850000)]
  0x264d2800 JavaThread "JmDNS(nit.local.).State.Timer" [_thread_blocked, id=4504, stack(0x27770000,0x277c0000)]
  0x264d2400 JavaThread "JmDNS(nit.local.).Timer" daemon [_thread_blocked, id=1724, stack(0x276e0000,0x27730000)]
  0x264c7c00 JavaThread "SocketListener(nit.local.)" daemon [_thread_in_native, id=4112, stack(0x27610000,0x27660000)]
  0x263a3400 JavaThread "cc.arduino.packages.discoverers.network.BoardReachabilityFilter" [_thread_blocked, id=4880, stack(0x26e00000,0x26e50000)]
  0x2636cc00 JavaThread "cc.arduino.packages.discoverers.network.NetworkChecker" [_thread_blocked, id=4536, stack(0x26d70000,0x26dc0000)]
=>0x2636d800 JavaThread "cc.arduino.packages.discoverers.serial.SerialBoardsLister" [_thread_in_native, id=1004, stack(0x26ce0000,0x26d30000)]
  0x26348c00 JavaThread "AWT-Windows" daemon [_thread_in_native, id=5056, stack(0x26840000,0x26890000)]
  0x26348400 JavaThread "AWT-Shutdown" [_thread_blocked, id=368, stack(0x267b0000,0x26800000)]
  0x26347c00 JavaThread "Java2D Disposer" daemon [_thread_blocked, id=3848, stack(0x26720000,0x26770000)]
  0x25c7fc00 JavaThread "Service Thread" daemon [_thread_blocked, id=3148, stack(0x26120000,0x26170000)]
  0x25c6c800 JavaThread "C1 CompilerThread0" daemon [_thread_blocked, id=4268, stack(0x26090000,0x260e0000)]
  0x25c6b400 JavaThread "Attach Listener" daemon [_thread_blocked, id=3740, stack(0x26000000,0x26050000)]
  0x25c69400 JavaThread "Signal Dispatcher" daemon [_thread_blocked, id=4388, stack(0x25f70000,0x25fc0000)]
  0x25c49c00 JavaThread "Finalizer" daemon [_thread_blocked, id=4648, stack(0x25a30000,0x25a80000)]
  0x25c34400 JavaThread "Reference Handler" daemon [_thread_blocked, id=3788, stack(0x259a0000,0x259f0000)]

Other Threads:
  0x02c6d800 VMThread [stack: 0x25910000,0x25960000] [id=4316]
  0x25c64c00 WatcherThread [stack: 0x261b0000,0x26200000] [id=2776]

VM state:not at safepoint (normal execution)

VM Mutex/Monitor currently owned by a thread: None

Heap:
 def new generation   total 39424K, used 12815K [0x05400000, 0x07ec0000, 0x0fea0000)
  eden space 35072K,  31% used [0x05400000, 0x05ee1ae8, 0x07640000)
  from space 4352K,  38% used [0x07a80000, 0x07c22270, 0x07ec0000)
  to   space 4352K,   0% used [0x07640000, 0x07640000, 0x07a80000)
 tenured generation   total 87424K, used 41135K [0x0fea0000, 0x15400000, 0x25400000)
   the space 87424K,  47% used [0x0fea0000, 0x126cbff8, 0x126cc000, 0x15400000)
 Metaspace       used 19017K, capacity 19541K, committed 19584K, reserved 19840K

Card table byte_map: [0x052d0000,0x053e0000] byte_map_base: 0x052a6000

Polling page: 0x02b60000

CodeCache: size=32768Kb used=2784Kb max_used=3992Kb free=29983Kb
 bounds [0x03250000, 0x03638000, 0x05250000]
 total_blobs=1693 nmethods=1414 adapters=207
 compilation: enabled

Compilation events (10 events):
Event: 647.302 Thread 0x25c6c800 3393             java.util.Collections$SynchronizedSet::<init> (6 bytes)
Event: 647.303 Thread 0x25c6c800 nmethod 3393 0x03449848 code [0x03449950, 0x03449a5c]
Event: 647.387 Thread 0x25c6c800 3394             javax.jmdns.impl.DNSIncoming$MessageInputStream::readName (459 bytes)
Event: 647.391 Thread 0x25c6c800 nmethod 3394 0x03446588 code [0x034469a0, 0x03447c88]
Event: 651.576 Thread 0x25c6c800 3395  s          javax.swing.RepaintManager::getPaintManager (107 bytes)
Event: 651.576 Thread 0x25c6c800 nmethod 3395 0x03445b48 code [0x03445cc0, 0x03446228]
Event: 652.081 Thread 0x25c6c800 3396             sun.java2d.pipe.Region::getIntersection (132 bytes)
Event: 652.082 Thread 0x25c6c800 nmethod 3396 0x0361f8c8 code [0x0361f9f0, 0x0361fbf4]
Event: 661.259 Thread 0x25c6c800 3397             java.util.Collections::synchronizedList (27 bytes)
Event: 661.259 Thread 0x25c6c800 nmethod 3397 0x034455c8 code [0x034456f0, 0x03445998]

GC Heap History (10 events):
Event: 177.936 GC heap before
{Heap before GC invocations=5 (full 1):
 def new generation   total 39424K, used 39079K [0x05400000, 0x07ec0000, 0x0fea0000)
  eden space 35072K, 100% used [0x05400000, 0x07640000, 0x07640000)
  from space 4352K,  92% used [0x07640000, 0x07a29f28, 0x07a80000)
  to   space 4352K,   0% used [0x07a80000, 0x07a80000, 0x07ec0000)
 tenured generation   total 87424K, used 21858K [0x0fea0000, 0x15400000, 0x25400000)
   the space 87424K,  25% used [0x0fea0000, 0x113f88a0, 0x113f8a00, 0x15400000)
 Metaspace       used 18701K, capacity 19190K, committed 19200K, reserved 19840K
Event: 177.954 GC heap after
Heap after GC invocations=6 (full 1):
 def new generation   total 39424K, used 4352K [0x05400000, 0x07ec0000, 0x0fea0000)
  eden space 35072K,   0% used [0x05400000, 0x05400000, 0x07640000)
  from space 4352K, 100% used [0x07a80000, 0x07ec0000, 0x07ec0000)
  to   space 4352K,   0% used [0x07640000, 0x07640000, 0x07a80000)
 tenured generation   total 87424K, used 25904K [0x0fea0000, 0x15400000, 0x25400000)
   the space 87424K,  29% used [0x0fea0000, 0x117ec040, 0x117ec200, 0x15400000)
 Metaspace       used 18701K, capacity 19190K, committed 19200K, reserved 19840K
}
Event: 325.409 GC heap before
{Heap before GC invocations=6 (full 1):
 def new generation   total 39424K, used 39424K [0x05400000, 0x07ec0000, 0x0fea0000)
  eden space 35072K, 100% used [0x05400000, 0x07640000, 0x07640000)
  from space 4352K, 100% used [0x07a80000, 0x07ec0000, 0x07ec0000)
  to   space 4352K,   0% used [0x07640000, 0x07640000, 0x07a80000)
 tenured generation   total 87424K, used 25904K [0x0fea0000, 0x15400000, 0x25400000)
   the space 87424K,  29% used [0x0fea0000, 0x117ec040, 0x117ec200, 0x15400000)
 Metaspace       used 18915K, capacity 19392K, committed 19456K, reserved 19840K
Event: 325.417 GC heap after
Heap after GC invocations=7 (full 1):
 def new generation   total 39424K, used 3431K [0x05400000, 0x07ec0000, 0x0fea0000)
  eden space 35072K,   0% used [0x05400000, 0x05400000, 0x07640000)
  from space 4352K,  78% used [0x07640000, 0x07999d40, 0x07a80000)
  to   space 4352K,   0% used [0x07a80000, 0x07a80000, 0x07ec0000)
 tenured generation   total 87424K, used 31817K [0x0fea0000, 0x15400000, 0x25400000)
   the space 87424K,  36% used [0x0fea0000, 0x11db24c0, 0x11db2600, 0x15400000)
 Metaspace       used 18915K, capacity 19392K, committed 19456K, reserved 19840K
}
Event: 405.116 GC heap before
{Heap before GC invocations=7 (full 1):
 def new generation   total 39424K, used 38503K [0x05400000, 0x07ec0000, 0x0fea0000)
  eden space 35072K, 100% used [0x05400000, 0x07640000, 0x07640000)
  from space 4352K,  78% used [0x07640000, 0x07999d40, 0x07a80000)
  to   space 4352K,   0% used [0x07a80000, 0x07a80000, 0x07ec0000)
 tenured generation   total 87424K, used 31817K [0x0fea0000, 0x15400000, 0x25400000)
   the space 87424K,  36% used [0x0fea0000, 0x11db24c0, 0x11db2600, 0x15400000)
 Metaspace       used 18924K, capacity 19436K, committed 19456K, reserved 19840K
Event: 405.128 GC heap after
Heap after GC invocations=8 (full 1):
 def new generation   total 39424K, used 3226K [0x05400000, 0x07ec0000, 0x0fea0000)
  eden space 35072K,   0% used [0x05400000, 0x05400000, 0x07640000)
  from space 4352K,  74% used [0x07a80000, 0x07da6810, 0x07ec0000)
  to   space 4352K,   0% used [0x07640000, 0x07640000, 0x07a80000)
 tenured generation   total 87424K, used 38339K [0x0fea0000, 0x15400000, 0x25400000)
   the space 87424K,  43% used [0x0fea0000, 0x12410d78, 0x12410e00, 0x15400000)
 Metaspace       used 18924K, capacity 19436K, committed 19456K, reserved 19840K
}
Event: 530.003 GC heap before
{Heap before GC invocations=8 (full 1):
 def new generation   total 39424K, used 38298K [0x05400000, 0x07ec0000, 0x0fea0000)
  eden space 35072K, 100% used [0x05400000, 0x07640000, 0x07640000)
  from space 4352K,  74% used [0x07a80000, 0x07da6810, 0x07ec0000)
  to   space 4352K,   0% used [0x07640000, 0x07640000, 0x07a80000)
 tenured generation   total 87424K, used 38339K [0x0fea0000, 0x15400000, 0x25400000)
   the space 87424K,  43% used [0x0fea0000, 0x12410d78, 0x12410e00, 0x15400000)
 Metaspace       used 18935K, capacity 19440K, committed 19456K, reserved 19840K
Event: 530.011 GC heap after
Heap after GC invocations=9 (full 1):
 def new generation   total 39424K, used 1108K [0x05400000, 0x07ec0000, 0x0fea0000)
  eden space 35072K,   0% used [0x05400000, 0x05400000, 0x07640000)
  from space 4352K,  25% used [0x07640000, 0x07755058, 0x07a80000)
  to   space 4352K,   0% used [0x07a80000, 0x07a80000, 0x07ec0000)
 tenured generation   total 87424K, used 41135K [0x0fea0000, 0x15400000, 0x25400000)
   the space 87424K,  47% used [0x0fea0000, 0x126cbff8, 0x126cc000, 0x15400000)
 Metaspace       used 18935K, capacity 19440K, committed 19456K, reserved 19840K
}
Event: 618.448 GC heap before
{Heap before GC invocations=9 (full 1):
 def new generation   total 39424K, used 36180K [0x05400000, 0x07ec0000, 0x0fea0000)
  eden space 35072K, 100% used [0x05400000, 0x07640000, 0x07640000)
  from space 4352K,  25% used [0x07640000, 0x07755058, 0x07a80000)
  to   space 4352K,   0% used [0x07a80000, 0x07a80000, 0x07ec0000)
 tenured generation   total 87424K, used 41135K [0x0fea0000, 0x15400000, 0x25400000)
   the space 87424K,  47% used [0x0fea0000, 0x126cbff8, 0x126cc000, 0x15400000)
 Metaspace       used 19017K, capacity 19541K, committed 19584K, reserved 19840K
Event: 618.453 GC heap after
Heap after GC invocations=10 (full 1):
 def new generation   total 39424K, used 1672K [0x05400000, 0x07ec0000, 0x0fea0000)
  eden space 35072K,   0% used [0x05400000, 0x05400000, 0x07640000)
  from space 4352K,  38% used [0x07a80000, 0x07c22270, 0x07ec0000)
  to   space 4352K,   0% used [0x07640000, 0x07640000, 0x07a80000)
 tenured generation   total 87424K, used 41135K [0x0fea0000, 0x15400000, 0x25400000)
   the space 87424K,  47% used [0x0fea0000, 0x126cbff8, 0x126cc000, 0x15400000)
 Metaspace       used 19017K, capacity 19541K, committed 19584K, reserved 19840K
}

Deoptimization events (0 events):
No events

Internal exceptions (10 events):
Event: 627.756 Thread 0x2832c400 Exception <a 'java/io/IOException'> (0x05846040) thrown at [C:\workspace\8-2-build-windows-i586-cygwin\jdk8u92\6642\hotspot\src\share\vm\prims\jni.cpp, line 709]
Event: 628.908 Thread 0x2832b800 Exception <a 'java/io/IOException'> (0x05975270) thrown at [C:\workspace\8-2-build-windows-i586-cygwin\jdk8u92\6642\hotspot\src\share\vm\prims\jni.cpp, line 709]
Event: 628.908 Thread 0x2832b800 Exception <a 'java/io/IOException'> (0x059754b8) thrown at [C:\workspace\8-2-build-windows-i586-cygwin\jdk8u92\6642\hotspot\src\share\vm\prims\jni.cpp, line 709]
Event: 628.909 Thread 0x2832b800 Exception <a 'java/io/IOException'> (0x05977a48) thrown at [C:\workspace\8-2-build-windows-i586-cygwin\jdk8u92\6642\hotspot\src\share\vm\prims\jni.cpp, line 709]
Event: 628.909 Thread 0x2832b800 Exception <a 'java/io/IOException'> (0x05977de8) thrown at [C:\workspace\8-2-build-windows-i586-cygwin\jdk8u92\6642\hotspot\src\share\vm\prims\jni.cpp, line 709]
Event: 628.909 Thread 0x2832b800 Exception <a 'java/io/IOException'> (0x05978030) thrown at [C:\workspace\8-2-build-windows-i586-cygwin\jdk8u92\6642\hotspot\src\share\vm\prims\jni.cpp, line 709]
Event: 634.810 Thread 0x28328c00 Exception <a 'java/io/IOException'> (0x05baba58) thrown at [C:\workspace\8-2-build-windows-i586-cygwin\jdk8u92\6642\hotspot\src\share\vm\prims\jni.cpp, line 709]
Event: 634.810 Thread 0x28328c00 Exception <a 'java/io/IOException'> (0x05babca0) thrown at [C:\workspace\8-2-build-windows-i586-cygwin\jdk8u92\6642\hotspot\src\share\vm\prims\jni.cpp, line 709]
Event: 634.811 Thread 0x28328c00 Exception <a 'java/io/IOException'> (0x05baeb18) thrown at [C:\workspace\8-2-build-windows-i586-cygwin\jdk8u92\6642\hotspot\src\share\vm\prims\jni.cpp, line 709]
Event: 634.811 Thread 0x28328c00 Exception <a 'java/io/IOException'> (0x05baed60) thrown at [C:\workspace\8-2-build-windows-i586-cygwin\jdk8u92\6642\hotspot\src\share\vm\prims\jni.cpp, line 709]

Events (10 events):
Event: 637.325 Executing VM operation: BulkRevokeBias
Event: 637.325 Executing VM operation: BulkRevokeBias done
Event: 637.325 Thread 0x2832bc00 Thread exited: 0x2832bc00
Event: 646.303 Thread 0x25c6c800 flushing nmethod 0x0361c888
Event: 646.303 Thread 0x25c6c800 flushing nmethod 0x0361cdc8
Event: 651.576 Thread 0x25c6c800 flushing nmethod 0x0361d748
Event: 651.576 Thread 0x25c6c800 flushing nmethod 0x0361f888
Event: 651.576 Thread 0x25c6c800 flushing nmethod 0x0361fb48
Event: 661.790 Thread 0x28328c00 Thread exited: 0x28328c00
Event: 661.790 Thread 0x28329000 Thread exited: 0x28329000


Dynamic libraries:
0x00a10000 - 0x00a43000 	C:\Program Files (x86)\Arduino\java\bin\javaw.exe
0x77280000 - 0x773d7000 	C:\Windows\SYSTEM32\ntdll.dll
0x748f0000 - 0x74a20000 	C:\Windows\SYSTEM32\KERNEL32.DLL
0x74dc0000 - 0x74e67000 	C:\Windows\SYSTEM32\KERNELBASE.dll
0x76220000 - 0x762ce000 	C:\Windows\SYSTEM32\ADVAPI32.dll
0x74c60000 - 0x74d76000 	C:\Windows\SYSTEM32\USER32.dll
0x73be0000 - 0x73dd8000 	C:\Windows\WinSxS\x86_microsoft.windows.common-controls_6595b64144ccf1df_6.0.9200.17359_none_8935f06086091acc\COMCTL32.dll
0x76770000 - 0x76821000 	C:\Windows\SYSTEM32\msvcrt.dll
0x76df0000 - 0x76e24000 	C:\Windows\SYSTEM32\sechost.dll
0x76510000 - 0x765bc000 	C:\Windows\SYSTEM32\RPCRT4.dll
0x77030000 - 0x7712d000 	C:\Windows\SYSTEM32\GDI32.dll
0x74880000 - 0x7489d000 	C:\Windows\SYSTEM32\SspiCli.dll
0x74870000 - 0x74879000 	C:\Windows\SYSTEM32\CRYPTBASE.dll
0x74810000 - 0x74861000 	C:\Windows\SYSTEM32\bcryptPrimitives.dll
0x76130000 - 0x76150000 	C:\Windows\system32\IMM32.DLL
0x76310000 - 0x763ed000 	C:\Windows\SYSTEM32\MSCTF.dll
0x70a80000 - 0x70b3f000 	C:\Program Files (x86)\Arduino\java\bin\msvcr100.dll
0x6b280000 - 0x6b64b000 	C:\Program Files (x86)\Arduino\java\bin\client\jvm.dll
0x746c0000 - 0x746c8000 	C:\Windows\SYSTEM32\WSOCK32.dll
0x743e0000 - 0x74401000 	C:\Windows\SYSTEM32\WINMM.dll
0x73df0000 - 0x73df8000 	C:\Windows\SYSTEM32\VERSION.dll
0x769f0000 - 0x769f6000 	C:\Windows\SYSTEM32\PSAPI.DLL
0x74c10000 - 0x74c60000 	C:\Windows\SYSTEM32\WS2_32.dll
0x743b0000 - 0x743db000 	C:\Windows\SYSTEM32\WINMMBASE.dll
0x76a00000 - 0x76a08000 	C:\Windows\SYSTEM32\NSI.dll
0x748a0000 - 0x748e6000 	C:\Windows\SYSTEM32\cfgmgr32.dll
0x762d0000 - 0x762ee000 	C:\Windows\SYSTEM32\DEVOBJ.dll
0x70a40000 - 0x70a71000 	C:\Program Files (x86)\Arduino\java\bin\splashscreen.dll
0x737d0000 - 0x73858000 	C:\Windows\system32\uxtheme.dll
0x70a30000 - 0x70a3c000 	C:\Program Files (x86)\Arduino\java\bin\verify.dll
0x70a00000 - 0x70a21000 	C:\Program Files (x86)\Arduino\java\bin\java.dll
0x709e0000 - 0x709f3000 	C:\Program Files (x86)\Arduino\java\bin\zip.dll
0x763f0000 - 0x76509000 	C:\Windows\system32\ole32.dll
0x76ab0000 - 0x76be6000 	C:\Windows\SYSTEM32\combase.dll
0x74ed0000 - 0x75f96000 	C:\Windows\SYSTEM32\SHELL32.dll
0x74d80000 - 0x74dc0000 	C:\Windows\SYSTEM32\SHLWAPI.dll
0x74520000 - 0x74593000 	C:\Windows\SYSTEM32\SHCORE.dll
0x761b0000 - 0x761c1000 	C:\Windows\SYSTEM32\profapi.dll
0x70890000 - 0x709d5000 	C:\Program Files (x86)\Arduino\java\bin\awt.dll
0x77130000 - 0x771be000 	C:\Windows\SYSTEM32\OLEAUT32.dll
0x70cf0000 - 0x70d98000 	C:\Windows\system32\apphelp.dll
0x73b90000 - 0x73baa000 	C:\Windows\SYSTEM32\dwmapi.dll
0x70870000 - 0x70886000 	C:\Program Files (x86)\Arduino\java\bin\net.dll
0x74630000 - 0x7467a000 	C:\Windows\system32\mswsock.dll
0x74500000 - 0x74520000 	C:\Windows\SYSTEM32\IPHLPAPI.DLL
0x744f0000 - 0x744f8000 	C:\Windows\SYSTEM32\WINNSI.DLL
0x61740000 - 0x6176c000 	C:\Program Files (x86)\Arduino\lib\listSerialsj.dll
0x765c0000 - 0x7676f000 	C:\Windows\SYSTEM32\SETUPAPI.dll
0x740f0000 - 0x74100000 	C:\Windows\SYSTEM32\dhcpcsvc6.DLL
0x74480000 - 0x74492000 	C:\Windows\SYSTEM32\dhcpcsvc.DLL
0x74140000 - 0x7415a000 	C:\Windows\SYSTEM32\CRYPTSP.dll
0x74100000 - 0x7413e000 	C:\Windows\system32\rsaenh.dll
0x76c10000 - 0x76c2b000 	C:\Windows\SYSTEM32\USERENV.dll
0x70860000 - 0x7086f000 	C:\Program Files (x86)\Arduino\java\bin\nio.dll
0x27490000 - 0x274cd000 	C:\Users\nit pc\AppData\Local\Temp\jna--1045300902\jna8746791908081212462.dll
0x745b0000 - 0x74624000 	C:\Windows\SYSTEM32\DNSAPI.dll
0x63560000 - 0x63568000 	C:\Program Files (x86)\National Instruments\Shared\mDNS Responder\nimdnsNSP.dll
0x63550000 - 0x6355b000 	C:\Windows\SYSTEM32\nimdnsResponder.dll
0x74760000 - 0x74803000 	C:\Windows\WinSxS\x86_microsoft.vc90.crt_1fc8b3b9a1e18e3b_9.0.30729.6871_none_50944e7cbcb706e5\MSVCR90.dll
0x744a0000 - 0x744a7000 	C:\Windows\System32\rasadhlp.dll
0x744b0000 - 0x744ef000 	C:\Windows\System32\fwpuclnt.dll
0x70800000 - 0x70839000 	C:\Program Files (x86)\Arduino\java\bin\fontmanager.dll
0x707c0000 - 0x707f2000 	C:\Program Files (x86)\Arduino\java\bin\t2k.dll
0x761d0000 - 0x76212000 	C:\Windows\SYSTEM32\WINTRUST.dll
0x75fa0000 - 0x76122000 	C:\Windows\SYSTEM32\CRYPT32.dll
0x76bf0000 - 0x76c02000 	C:\Windows\SYSTEM32\MSASN1.dll
0x70750000 - 0x707b9000 	C:\Program Files (x86)\Arduino\msvcp100.dll
0x70690000 - 0x7074e000 	C:\Program Files (x86)\Arduino\msvcr100.dll
0x28a40000 - 0x28a72000 	C:\Program Files (x86)\Arduino\lib\AStylej.dll
0x70660000 - 0x70684000 	C:\Program Files (x86)\Arduino\java\bin\dcpr.dll
0x76a10000 - 0x76a84000 	C:\Windows\SYSTEM32\clbcatq.dll
0x70e60000 - 0x70fab000 	C:\Windows\SYSTEM32\WindowsCodecs.dll
0x64000000 - 0x6401b000 	C:\Users\nit pc\.jssc\windows\jSSC-2.8_x86.dll
0x74b80000 - 0x74c09000 	C:\Windows\SYSTEM32\COMDLG32.dll
0x73350000 - 0x73469000 	C:\Windows\system32\propsys.dll
0x696b0000 - 0x69719000 	C:\Program Files (x86)\Common Files\microsoft shared\ink\tiptsf.dll
0x6af40000 - 0x6b0d8000 	C:\Windows\system32\NetworkExplorer.dll
0x721b0000 - 0x7225b000 	C:\Windows\SYSTEM32\ntshrui.dll
0x74170000 - 0x7418c000 	C:\Windows\SYSTEM32\srvcli.dll
0x72170000 - 0x7217e000 	C:\Windows\SYSTEM32\cscapi.dll
0x69640000 - 0x696a9000 	C:\Windows\System32\StructuredQuery.dll
0x74200000 - 0x74209000 	C:\Windows\System32\Secur32.dll
0x70e30000 - 0x70e5a000 	C:\Windows\SYSTEM32\thumbcache.dll
0x70b50000 - 0x70c0c000 	C:\Windows\SYSTEM32\actxprxy.dll
0x73e00000 - 0x73e12000 	C:\Windows\SYSTEM32\samcli.dll
0x70fe0000 - 0x70ff4000 	C:\Windows\SYSTEM32\SAMLIB.dll
0x74190000 - 0x7419b000 	C:\Windows\SYSTEM32\netutils.dll
0x69580000 - 0x69634000 	C:\Windows\system32\SearchFolder.dll
0x6a730000 - 0x6a8d9000 	C:\PROGRA~2\MICROS~1\Office15\GROOVEEX.DLL
0x6a700000 - 0x6a726000 	C:\Windows\SYSTEM32\ATL100.DLL
0x6a4a0000 - 0x6a6f3000 	C:\Windows\SYSTEM32\msi.dll
0x69720000 - 0x69f9d000 	C:\PROGRA~2\MICROS~1\Office15\1033\GrooveIntlResource.dll
0x72260000 - 0x72269000 	C:\Windows\SYSTEM32\LINKINFO.dll
0x70df0000 - 0x70e23000 	C:\Windows\System32\shdocvw.dll
0x74160000 - 0x74170000 	C:\Windows\SYSTEM32\wkscli.dll
0x65450000 - 0x6549d000 	C:\Windows\System32\provsvc.dll
0x768c0000 - 0x769eb000 	C:\Windows\SYSTEM32\urlmon.dll
0x76e30000 - 0x7702a000 	C:\Windows\SYSTEM32\iertutil.dll
0x76c30000 - 0x76de6000 	C:\Windows\SYSTEM32\WININET.dll
0x73a10000 - 0x73b39000 	C:\Windows\SYSTEM32\dbghelp.dll

VM Arguments:
jvm_args: -Dsun.java2d.d3d=false -Djna.nosys=true -DAPP_DIR=C:\Program Files (x86)\Arduino -Xms128M -Xmx512M 
java_command: processing.app.Base C:\Users\nit pc\Desktop\linkit_one\LinkIt_MCS_20150919\GPS.ino
java_class_path (initial): C:\Program Files (x86)\Arduino\lib\apple.jar;C:\Program Files (x86)\Arduino\lib\arduino-core.jar;C:\Program Files (x86)\Arduino\lib\batik-1.8.jar;C:\Program Files (x86)\Arduino\lib\batik-anim-1.8.jar;C:\Program Files (x86)\Arduino\lib\batik-awt-util-1.8.jar;C:\Program Files (x86)\Arduino\lib\batik-bridge-1.8.jar;C:\Program Files (x86)\Arduino\lib\batik-codec-1.8.jar;C:\Program Files (x86)\Arduino\lib\batik-css-1.8.jar;C:\Program Files (x86)\Arduino\lib\batik-dom-1.8.jar;C:\Program Files (x86)\Arduino\lib\batik-ext-1.8.jar;C:\Program Files (x86)\Arduino\lib\batik-gvt-1.8.jar;C:\Program Files (x86)\Arduino\lib\batik-parser-1.8.jar;C:\Program Files (x86)\Arduino\lib\batik-rasterizer-1.8.jar;C:\Program Files (x86)\Arduino\lib\batik-script-1.8.jar;C:\Program Files (x86)\Arduino\lib\batik-squiggle-1.8.jar;C:\Program Files (x86)\Arduino\lib\batik-svg-dom-1.8.jar;C:\Program Files (x86)\Arduino\lib\batik-svgpp-1.8.jar;C:\Program Files (x86)\Arduino\lib\batik-transcoder-1.8.jar;C:\Program Files (x86)\Arduino\lib\batik-util-1.8.jar;C:\Program Files (x86)\Arduino\lib\batik-xml-1.8.jar;C:\Program Files (x86)\Arduino\lib\bcpg-jdk15on-152.jar;C:\Program Files (x86)\Arduino\lib\bcprov-jdk15on-152.jar;C:\Program Files (x86)\Arduino\lib\commons-codec-1.7.jar;C:\Program Files (x86)\Arduino\lib\commons-compress-1.8.jar;C:\Program Files (x86)\Arduino\lib\commons-exec-1.1.jar;C:\Program Files (x86)\Arduino\lib\commons-httpclient-3.1.jar;C:\Program Files (x86)\Arduino\lib\commons-lang3-3.3.2.jar;C:\Program Files (x86)\Arduino\lib\commons-logging-1.0.4.jar;C:\Program Files (x86)\Arduino\lib\commons-net-3.3.jar;C:\Program Files (x86)\Arduino\lib\jackson-annotations-2.6.3.jar;C:\Program Files (x86)\Arduino\lib\jackson-core-2.6.3.jar;C:\Program Files (x86)\Arduino\lib\jackson-databind-2.6.3.jar;C:\Program Files (x86)\Arduino\lib\jackson-module-mrbean-2.6.3.jar;C:\Program Files (x86)\Arduino\lib\java-semver-0.8.0.jar;C:\Program Files (x86)\Arduino\lib\jmdns-3.4.1.j
Launcher Type: SUN_STANDARD

Environment Variables:
PATH=C:\ProgramData\Oracle\Java\javapath;C:\Windows\system32;C:\Windows;C:\Windows\System32\Wbem;C:\Windows\System32\WindowsPowerShell\v1.0\;C:\Program Files\MATLAB\R2013a\runtime\win64;C:\Program Files\MATLAB\R2013a\bin;C:\Program Files (x86)\GtkSharp\2.12\bin;C:\Program Files (x86)\Arduino\java\bin
USERNAME=nit pc
OS=Windows_NT
PROCESSOR_IDENTIFIER=Intel64 Family 6 Model 58 Stepping 9, GenuineIntel



---------------  S Y S T E M  ---------------

OS: Windows 8 , 64 bit Build 9200 (6.2.9200.16859)

CPU:total 8 (4 cores per cpu, 2 threads per core) family 6 model 58 stepping 9, cmov, cx8, fxsr, mmx, sse, sse2, sse3, ssse3, sse4.1, sse4.2, popcnt, avx, aes, clmul, erms, ht, tsc, tscinvbit, tscinv

Memory: 4k page, physical 4065316k(1300704k free), swap 6031396k(2537448k free)

vm_info: Java HotSpot(TM) Client VM (25.92-b14) for windows-x86 JRE (1.8.0_92-b14), built on Mar 31 2016 21:09:21 by "java_re" with MS VC++ 10.0 (VS2010)

time: Mon May 01 16:05:13 2017
elapsed time: 662 seconds (0d 0h 11m 2s)

